2026-06-26 11:11:54 - Inventory started for SP-OFFICE-10
2026-06-26 11:11:54 - Inventory completed successfully for SP-OFFICE-10
2026-06-26 11:11:54 - CSV saved to C:\TylerToolkit\Reports\SP-OFFICE-10-Inventory-20260626-111154.csv
2026-06-26 11:14:34 - Inventory started for SP-OFFICE-10
2026-06-26 11:14:35 - Inventory completed successfully for SP-OFFICE-10
2026-06-26 11:14:35 - CSV saved to C:\TylerToolkit\Reports\SP-OFFICE-10-Inventory-20260626-111435.csv
2026-06-26 11:15:46 - Inventory started for SP-OFFICE-10
2026-06-26 11:15:46 - Inventory completed successfully for SP-OFFICE-10
2026-06-26 11:15:46 - CSV saved to C:\TylerToolkit\Reports\SP-OFFICE-10-Inventory-20260626-111546.csv
2026-06-26 11:18:22 - Inventory started for SP-OFFICE-10
2026-06-26 11:18:22 - Inventory completed successfully for SP-OFFICE-10
2026-06-26 11:18:22 - CSV saved to C:\TylerToolkit\Reports\SP-OFFICE-10-Inventory-20260626-111822.csv
2026-06-26 11:37:52 - Inventory started for SP-OFFICE-10
2026-06-26 11:37:53 - Inventory completed successfully for SP-OFFICE-10
2026-06-26 11:37:53 - CSV saved to C:\TylerToolkit\Reports\SP-OFFICE-10-Inventory-20260626-113753.csv
2026-06-26 11:53:06 - Inventory started for SP-OFFICE-10
2026-06-26 11:53:06 - Inventory completed successfully for SP-OFFICE-10
2026-06-26 11:53:06 - CSV saved to C:\TylerToolkit\Reports\SP-OFFICE-10-Inventory-20260626-115306.csv
2026-06-26 12:05:05 - Inventory started for SP-OFFICE-10
2026-06-26 12:05:05 - Inventory completed successfully for SP-OFFICE-10
2026-06-26 12:05:05 - CSV saved to C:\TylerToolkit\Reports\SP-OFFICE-10-Inventory-20260626-120505.csv
2026-06-26 12:07:31 - Inventory started for SP-OFFICE-10
2026-06-26 12:07:32 - Inventory completed successfully for SP-OFFICE-10
2026-06-26 12:07:32 - CSV saved to C:\TylerToolkit\Reports\SP-OFFICE-10-Inventory-20260626-120732.csv
2026-06-26 12:09:41 - Inventory started for SP-OFFICE-10
2026-06-26 12:09:42 - Inventory completed successfully for SP-OFFICE-10
2026-06-26 12:09:42 - CSV saved to E:\TylerToolkit\Reports\SP-OFFICE-10-Inventory-20260626-120942.csv
2026-06-26 12:14:51 - Inventory started for SP-WH-01
2026-06-26 12:14:57 - Inventory completed successfully for SP-WH-01
2026-06-26 12:14:57 - CSV saved to D:\TylerToolkit\Reports\SP-WH-01-Inventory-20260626-121457.csv
2026-06-26 12:28:47 - Inventory started for SP-OFFICE-10
2026-06-26 12:28:48 - Inventory completed successfully for SP-OFFICE-10
2026-06-26 12:28:48 - CSV saved to E:\TylerToolkit\Reports\SP-OFFICE-10-Inventory-20260626-122848.csv
2026-06-26 12:42:25 - Inventory started for SP-OFFICE-10
2026-06-26 12:42:29 - Inventory completed successfully for SP-OFFICE-10
2026-06-26 12:42:29 - CSV saved to E:\TylerToolkit\Reports\SP-OFFICE-10-Inventory-20260626-124229.csv
2026-06-26 12:43:03 - Inventory started for SP-OFFICE-10
2026-06-26 12:43:04 - Inventory completed successfully for SP-OFFICE-10
2026-06-26 12:43:04 - CSV saved to E:\TylerToolkit\Reports\SP-OFFICE-10-Inventory-20260626-124304.csv
2026-06-26 12:44:13 - Inventory started for SP-OFFICE-10
2026-06-26 12:44:17 - Inventory completed successfully for SP-OFFICE-10
2026-06-26 12:44:17 - CSV saved to E:\TylerToolkit\Reports\SP-OFFICE-10-Inventory-20260626-124417.csv
